<?xml version="1.0" encoding="UTF-8"?>
<!-- Generated by org.testng.reporters.JUnitXMLReporter -->
<testsuite hostname="Appies-MacBook-Air.local" ignored="0" name="Default test" tests="3" failures="0" timestamp="30 Sep 2021 19:43:55 GMT" time="10.077" errors="0">
  <testcase name="verifyFlightsPurchasePageStatusCode" time="5.494" classname="testcases.TestPurchasePage"/>
  <testcase name="verifyFlightsPurchasePage" time="0.107" classname="testcases.TestPurchasePage"/>
  <testcase name="verifyChooseFlightButton" time="0.647" classname="testcases.TestPurchasePage"/>
</testsuite> <!-- Default test -->
