<?xml version="1.0" encoding="UTF-8"?>
<!-- Generated by org.testng.reporters.JUnitXMLReporter -->
<testsuite hostname="Appies-MacBook-Air.local" ignored="0" name="BlazeDemoTest" tests="12" failures="0" timestamp="30 Sep 2021 20:19:45 GMT" time="35.576" errors="0">
  <testcase name="verifyTravelAgencyPageStatusCode" time="3.52" classname="testcases.TestBlazeDemoPage"/>
  <testcase name="verifyFlightsReservationPageStatusCode" time="1.497" classname="testcases.TestReservationPage"/>
  <testcase name="verifyFlightsPurchasePageStatusCode" time="1.897" classname="testcases.TestPurchasePage"/>
  <testcase name="verifyFlightsOrderConfirmationPageStatusCode" time="3.028" classname="testcases.TestOrderConfirmationPage"/>
  <testcase name="verifyWelcomePage" time="0.115" classname="testcases.TestBlazeDemoPage"/>
  <testcase name="verifyFlightsReservationPage" time="1.433" classname="testcases.TestReservationPage"/>
  <testcase name="verifyFlightsPurchasePage" time="1.972" classname="testcases.TestPurchasePage"/>
  <testcase name="verifyFlightsOrderConfirmationPage" time="2.408" classname="testcases.TestOrderConfirmationPage"/>
  <testcase name="verifyFlightButton" time="0.578" classname="testcases.TestBlazeDemoPage"/>
  <testcase name="verifyChooseFlightButton" time="1.54" classname="testcases.TestReservationPage"/>
  <testcase name="verifyChooseFlightButton" time="1.957" classname="testcases.TestPurchasePage"/>
  <testcase name="verifyOrderIDGenerated" time="2.123" classname="testcases.TestOrderConfirmationPage"/>
</testsuite> <!-- BlazeDemoTest -->
